\BOOKMARK [1][-]{section.1}{Rep\351rage des paradigmes}{}% 1
\BOOKMARK [2][-]{subsection.1.1}{M\351talangage \(paraphrase in praesentia\)}{section.1}% 2
\BOOKMARK [3][-]{subsubsection.1.1.1}{Syntagmes m\351talinguistiques}{subsection.1.1}% 3
\BOOKMARK [3][-]{subsubsection.1.1.2}{M\351talangage ``estomp\351''}{subsection.1.1}% 4
\BOOKMARK [3][-]{subsubsection.1.1.3}{Elements de d\351finition}{subsection.1.1}% 5
\BOOKMARK [2][-]{subsection.1.2}{Diaphore}{section.1}% 6
\BOOKMARK [3][-]{subsubsection.1.2.1}{Anaphores lexicales/grammaticales}{subsection.1.2}% 7
\BOOKMARK [3][-]{subsubsection.1.2.2}{Anaphores pronominales}{subsection.1.2}% 8
\BOOKMARK [3][-]{subsubsection.1.2.3}{Cataphores}{subsection.1.2}% 9
\BOOKMARK [2][-]{subsection.1.3}{Typographie}{section.1}% 10
\BOOKMARK [3][-]{subsubsection.1.3.1}{Caract\350res}{subsection.1.3}% 11
\BOOKMARK [3][-]{subsubsection.1.3.2}{Mise en forme}{subsection.1.3}% 12
\BOOKMARK [2][-]{subsection.1.4}{Equivalence distributionnelle \(paraphrase in absentia\)}{section.1}% 13
\BOOKMARK [1][-]{section.2}{Analyse}{}% 14
\BOOKMARK [2][-]{subsection.2.1}{Relations lexicales}{section.2}% 15
\BOOKMARK [3][-]{subsubsection.2.1.1}{Synonymie}{subsection.2.1}% 16
\BOOKMARK [3][-]{subsubsection.2.1.2}{Hyponymie/Hyperonymie}{subsection.2.1}% 17
\BOOKMARK [3][-]{subsubsection.2.1.3}{M\351tonymie et m\351taphore}{subsection.2.1}% 18
\BOOKMARK [2][-]{subsection.2.2}{Distance s\351mantique}{section.2}% 19
\BOOKMARK [1][-]{section.3}{Interpr\351tation}{}% 20
\BOOKMARK [2][-]{subsection.3.1}{Th\351matisation}{section.3}% 21
\BOOKMARK [2][-]{subsection.3.2}{Conceptualisation}{section.3}% 22
\BOOKMARK [2][-]{subsection.3.3}{Fonctionnalit\351 du paradigme}{section.3}% 23
